<testsuites name="jest tests" tests="3" failures="0" time="3.891">
  <testsuite name="undefined" errors="0" failures="0" skipped="0" timestamp="2020-10-19T23:02:42" time="3.891" tests="3">
    <testcase classname=" Renders the correct number of page buttons" name=" Renders the correct number of page buttons" time="0.141">
    </testcase>
    <testcase classname=" Renders articles correctly on app did mount" name=" Renders articles correctly on app did mount" time="0.036">
    </testcase>
    <testcase classname=" Renders articles correctly after page button click" name=" Renders articles correctly after page button click" time="0.084">
    </testcase>
  </testsuite>
</testsuites>